[2026-03-11T14:14:26.589Z] [uncaught] Uncaught ReferenceError: StartPageDropdown is not defined at http://localhost:3000/src_views_myaccount_MyAccountView_jsx.d07ea1de39d291126329.hot-update.js:1853:101
[2026-03-11T14:14:26.589Z] [warn] %s

%s
 An error occurred in the <MyAccountView> component. Consider adding an error boundary to your tree to customize error handling behavior.
Visit https://react.dev/link/error-boundaries to learn more about error boundaries.
[2026-03-11T17:39:57.299Z] [uncaught] Uncaught TypeError: Cannot read properties of undefined (reading 'forEach') at http://localhost:3000/src_views_notifications_NotificationsView_jsx.fbb1408c0b09e38906fc.hot-update.js:184:10
[2026-03-11T17:39:57.299Z] [warn] %s

%s
 An error occurred in the <NotificationsView> component. Consider adding an error boundary to your tree to customize error handling behavior.
Visit https://react.dev/link/error-boundaries to learn more about error boundaries.
[2026-03-11T17:40:43.018Z] [uncaught] Uncaught TypeError: Cannot read properties of undefined (reading 'forEach') at http://localhost:3000/static/js/src_views_notifications_NotificationsView_jsx.chunk.js:184:10
[2026-03-11T17:40:43.018Z] [warn] %s

%s
 An error occurred in the <NotificationsView> component. Consider adding an error boundary to your tree to customize error handling behavior.
Visit https://react.dev/link/error-boundaries to learn more about error boundaries.
[2026-03-11T17:40:43.018Z] [uncaught] Uncaught TypeError: Cannot read properties of undefined (reading 'forEach') at http://localhost:3000/static/js/src_views_notifications_NotificationsView_jsx.chunk.js:184:10
[2026-03-11T17:40:43.018Z] [warn] %s

%s
 An error occurred in the <NotificationsView> component. Consider adding an error boundary to your tree to customize error handling behavior.
Visit https://react.dev/link/error-boundaries to learn more about error boundaries.
[2026-03-11T20:30:22.265Z] [uncaught] Uncaught ReferenceError: Cannot access 'markConversationRead' before initialization at http://localhost:3000/src_views_notifications_NotificationsView_jsx.108eb376280ccf29694d.hot-update.js:204:30
[2026-03-11T20:30:22.265Z] [warn] %s

%s
 An error occurred in the <NotificationsView> component. Consider adding an error boundary to your tree to customize error handling behavior.
Visit https://react.dev/link/error-boundaries to learn more about error boundaries.
[2026-03-12T02:33:39.624Z] [error] Realtime subscription error
[2026-03-12T02:33:39.624Z] [error] Realtime subscription error
[2026-03-12T02:36:49.782Z] [uncaught] ReferenceError: Can't find variable: PAGE_GRID_BG at http://localhost:3000/main.5fbb7ba74b219d473dc7.hot-update.js:946:38
[2026-03-12T02:36:49.782Z] [warn] %s

%s
 An error occurred in the <SideGlassNavigation> component. Consider adding an error boundary to your tree to customize error handling behavior.
Visit https://react.dev/link/error-boundaries to learn more about error boundaries.
[2026-03-12T02:47:59.500Z] [error] Realtime subscription error
[2026-03-12T13:10:51.480Z] [error] Realtime subscription error
[2026-03-12T13:14:19.218Z] [error] %s a style property during rerender (%s) when a conflicting property is set (%s) can lead to styling bugs. To avoid this, don't mix shorthand and non-shorthand properties for the same value; instead, replace the shorthand with separate values. Removing background backgroundImage
[2026-03-12T13:14:19.219Z] [error] %s a style property during rerender (%s) when a conflicting property is set (%s) can lead to styling bugs. To avoid this, don't mix shorthand and non-shorthand properties for the same value; instead, replace the shorthand with separate values. Removing background backgroundPosition
[2026-03-12T13:14:19.219Z] [error] %s a style property during rerender (%s) when a conflicting property is set (%s) can lead to styling bugs. To avoid this, don't mix shorthand and non-shorthand properties for the same value; instead, replace the shorthand with separate values. Removing background backgroundSize
[2026-03-12T13:15:54.908Z] [error] Realtime subscription error
[2026-03-12T14:26:58.964Z] [error] Realtime subscription error
[2026-03-12T15:23:14.703Z] [error] Realtime subscription error
[2026-03-12T15:26:52.501Z] [error] Realtime subscription error
[2026-03-12T15:37:25.470Z] [error] Realtime subscription error
[2026-03-12T15:37:52.773Z] [error] Realtime subscription error
[2026-03-12T16:07:56.307Z] [error] Realtime subscription error
[2026-03-12T16:07:56.307Z] [error] Realtime subscription error
[2026-03-12T16:07:56.307Z] [error] Realtime subscription error
[2026-03-12T16:07:56.307Z] [error] Realtime subscription error
[2026-03-12T16:07:59.426Z] [error] Realtime subscription error
[2026-03-12T16:07:59.426Z] [error] Realtime subscription error
[2026-03-12T16:08:04.511Z] [error] Realtime subscription error
[2026-03-12T16:08:04.511Z] [error] Realtime subscription error
[2026-03-12T16:08:14.623Z] [error] Realtime subscription error
[2026-03-12T16:08:14.623Z] [error] Realtime subscription error
[2026-03-12T16:08:24.760Z] [error] Realtime subscription error
[2026-03-12T16:08:24.760Z] [error] Realtime subscription error
[2026-03-12T16:08:34.876Z] [error] Realtime subscription error
[2026-03-12T16:08:34.876Z] [error] Realtime subscription error
[2026-03-12T16:08:44.937Z] [error] Realtime subscription error
[2026-03-12T16:08:44.937Z] [error] Realtime subscription error
[2026-03-12T16:08:54.984Z] [error] Realtime subscription error
[2026-03-12T16:08:54.984Z] [error] Realtime subscription error
[2026-03-12T16:09:05.109Z] [error] Realtime subscription error
[2026-03-12T16:09:05.109Z] [error] Realtime subscription error
[2026-03-12T16:09:15.152Z] [error] Realtime subscription error
[2026-03-12T16:09:15.152Z] [error] Realtime subscription error
[2026-03-12T16:09:25.229Z] [error] Realtime subscription error
[2026-03-12T16:09:25.229Z] [error] Realtime subscription error
[2026-03-12T16:09:35.320Z] [error] Realtime subscription error
[2026-03-12T16:09:35.320Z] [error] Realtime subscription error
[2026-03-12T16:09:45.426Z] [error] Realtime subscription error
[2026-03-12T16:09:45.426Z] [error] Realtime subscription error
[2026-03-12T16:09:55.495Z] [error] Realtime subscription error
[2026-03-12T16:09:55.495Z] [error] Realtime subscription error
[2026-03-12T16:10:05.629Z] [error] Realtime subscription error
[2026-03-12T16:10:05.629Z] [error] Realtime subscription error
[2026-03-12T16:10:15.686Z] [error] Realtime subscription error
[2026-03-12T16:10:15.686Z] [error] Realtime subscription error
[2026-03-12T16:10:25.741Z] [error] Realtime subscription error
[2026-03-12T16:10:25.741Z] [error] Realtime subscription error
[2026-03-12T16:10:35.877Z] [error] Realtime subscription error
[2026-03-12T16:10:35.877Z] [error] Realtime subscription error
[2026-03-12T16:10:45.953Z] [error] Realtime subscription error
[2026-03-12T16:10:45.953Z] [error] Realtime subscription error
[2026-03-12T16:10:56.038Z] [error] Realtime subscription error
[2026-03-12T16:10:56.038Z] [error] Realtime subscription error
[2026-03-12T16:11:06.133Z] [error] Realtime subscription error
[2026-03-12T16:11:06.133Z] [error] Realtime subscription error
[2026-03-12T16:11:16.268Z] [error] Realtime subscription error
[2026-03-12T16:11:16.268Z] [error] Realtime subscription error
[2026-03-12T16:11:26.318Z] [error] Realtime subscription error
[2026-03-12T16:11:26.318Z] [error] Realtime subscription error
[2026-03-12T16:11:36.382Z] [error] Realtime subscription error
[2026-03-12T16:11:36.382Z] [error] Realtime subscription error
[2026-03-12T16:11:46.447Z] [error] Realtime subscription error
[2026-03-12T16:11:46.447Z] [error] Realtime subscription error
[2026-03-12T16:11:56.585Z] [error] Realtime subscription error
[2026-03-12T16:11:56.585Z] [error] Realtime subscription error
[2026-03-12T16:12:06.716Z] [error] Realtime subscription error
[2026-03-12T16:12:06.716Z] [error] Realtime subscription error
[2026-03-12T16:12:16.782Z] [error] Realtime subscription error
[2026-03-12T16:12:16.782Z] [error] Realtime subscription error
[2026-03-12T16:12:26.915Z] [error] Realtime subscription error
[2026-03-12T16:12:26.915Z] [error] Realtime subscription error
[2026-03-12T16:12:36.980Z] [error] Realtime subscription error
[2026-03-12T16:12:36.980Z] [error] Realtime subscription error
[2026-03-12T16:12:47.072Z] [error] Realtime subscription error
[2026-03-12T16:12:47.072Z] [error] Realtime subscription error
[2026-03-12T16:12:57.150Z] [error] Realtime subscription error
[2026-03-12T16:12:57.150Z] [error] Realtime subscription error
[2026-03-12T16:13:07.276Z] [error] Realtime subscription error
[2026-03-12T16:13:07.276Z] [error] Realtime subscription error
[2026-03-12T16:13:17.387Z] [error] Realtime subscription error
[2026-03-12T16:13:17.387Z] [error] Realtime subscription error
[2026-03-12T16:13:27.493Z] [error] Realtime subscription error
[2026-03-12T16:13:27.493Z] [error] Realtime subscription error
[2026-03-12T16:13:37.569Z] [error] Realtime subscription error
[2026-03-12T16:13:37.569Z] [error] Realtime subscription error
[2026-03-12T16:13:47.688Z] [error] Realtime subscription error
[2026-03-12T16:13:47.688Z] [error] Realtime subscription error
[2026-03-12T16:13:57.777Z] [error] Realtime subscription error
[2026-03-12T16:13:57.777Z] [error] Realtime subscription error
[2026-03-12T16:14:07.883Z] [error] Realtime subscription error
[2026-03-12T16:14:07.883Z] [error] Realtime subscription error
[2026-03-12T16:14:17.942Z] [error] Realtime subscription error
[2026-03-12T16:14:17.942Z] [error] Realtime subscription error
[2026-03-12T16:14:28.028Z] [error] Realtime subscription error
[2026-03-12T16:14:28.028Z] [error] Realtime subscription error
[2026-03-12T16:14:38.076Z] [error] Realtime subscription error
[2026-03-12T16:14:38.076Z] [error] Realtime subscription error
[2026-03-12T16:14:48.175Z] [error] Realtime subscription error
[2026-03-12T16:14:48.175Z] [error] Realtime subscription error
[2026-03-12T16:14:58.264Z] [error] Realtime subscription error
[2026-03-12T16:14:58.264Z] [error] Realtime subscription error
[2026-03-12T16:15:08.376Z] [error] Realtime subscription error
[2026-03-12T16:15:08.376Z] [error] Realtime subscription error
[2026-03-12T16:15:18.447Z] [error] Realtime subscription error
[2026-03-12T16:15:18.447Z] [error] Realtime subscription error
[2026-03-12T16:15:28.521Z] [error] Realtime subscription error
[2026-03-12T16:15:28.521Z] [error] Realtime subscription error
[2026-03-12T16:15:38.584Z] [error] Realtime subscription error
[2026-03-12T16:15:38.584Z] [error] Realtime subscription error
[2026-03-12T16:15:48.655Z] [error] Realtime subscription error
[2026-03-12T16:15:48.656Z] [error] Realtime subscription error
[2026-03-12T16:15:58.763Z] [error] Realtime subscription error
[2026-03-12T16:15:58.763Z] [error] Realtime subscription error
[2026-03-12T16:16:08.832Z] [error] Realtime subscription error
[2026-03-12T16:16:08.832Z] [error] Realtime subscription error
[2026-03-12T16:16:18.962Z] [error] Realtime subscription error
[2026-03-12T16:16:18.962Z] [error] Realtime subscription error
[2026-03-12T16:16:29.066Z] [error] Realtime subscription error
[2026-03-12T16:16:29.066Z] [error] Realtime subscription error
[2026-03-12T16:16:39.197Z] [error] Realtime subscription error
[2026-03-12T16:16:39.197Z] [error] Realtime subscription error
[2026-03-12T16:16:49.236Z] [error] Realtime subscription error
[2026-03-12T16:16:49.236Z] [error] Realtime subscription error
[2026-03-12T16:16:59.271Z] [error] Realtime subscription error
[2026-03-12T16:16:59.271Z] [error] Realtime subscription error
[2026-03-12T16:17:09.317Z] [error] Realtime subscription error
[2026-03-12T16:17:09.317Z] [error] Realtime subscription error
[2026-03-12T16:17:19.367Z] [error] Realtime subscription error
[2026-03-12T16:17:19.367Z] [error] Realtime subscription error
[2026-03-12T16:17:29.482Z] [error] Realtime subscription error
[2026-03-12T16:17:29.482Z] [error] Realtime subscription error
[2026-03-12T16:17:39.560Z] [error] Realtime subscription error
[2026-03-12T16:17:39.560Z] [error] Realtime subscription error
[2026-03-12T16:17:49.606Z] [error] Realtime subscription error
[2026-03-12T16:17:49.606Z] [error] Realtime subscription error
[2026-03-12T16:17:59.674Z] [error] Realtime subscription error
[2026-03-12T16:17:59.674Z] [error] Realtime subscription error
[2026-03-12T16:18:09.756Z] [error] Realtime subscription error
[2026-03-12T16:18:09.756Z] [error] Realtime subscription error
[2026-03-12T16:18:19.832Z] [error] Realtime subscription error
[2026-03-12T16:18:19.832Z] [error] Realtime subscription error
[2026-03-12T16:18:29.884Z] [error] Realtime subscription error
[2026-03-12T16:18:29.884Z] [error] Realtime subscription error
[2026-03-12T16:18:39.962Z] [error] Realtime subscription error
[2026-03-12T16:18:39.962Z] [error] Realtime subscription error
[2026-03-12T16:18:50.097Z] [error] Realtime subscription error
[2026-03-12T16:18:50.097Z] [error] Realtime subscription error
[2026-03-12T16:19:00.186Z] [error] Realtime subscription error
[2026-03-12T16:19:00.186Z] [error] Realtime subscription error
[2026-03-12T16:19:10.268Z] [error] Realtime subscription error
[2026-03-12T16:19:10.268Z] [error] Realtime subscription error
[2026-03-12T16:19:20.399Z] [error] Realtime subscription error
[2026-03-12T16:19:20.399Z] [error] Realtime subscription error
[2026-03-12T16:19:30.470Z] [error] Realtime subscription error
[2026-03-12T16:19:30.470Z] [error] Realtime subscription error
[2026-03-12T16:19:40.601Z] [error] Realtime subscription error
[2026-03-12T16:19:40.601Z] [error] Realtime subscription error
[2026-03-12T16:19:50.667Z] [error] Realtime subscription error
[2026-03-12T16:19:50.667Z] [error] Realtime subscription error
[2026-03-12T16:20:00.779Z] [error] Realtime subscription error
[2026-03-12T16:20:00.779Z] [error] Realtime subscription error
[2026-03-12T16:20:10.889Z] [error] Realtime subscription error
[2026-03-12T16:20:10.889Z] [error] Realtime subscription error
[2026-03-12T16:20:20.956Z] [error] Realtime subscription error
[2026-03-12T16:20:20.956Z] [error] Realtime subscription error
[2026-03-12T16:20:31.099Z] [error] Realtime subscription error
[2026-03-12T16:20:31.099Z] [error] Realtime subscription error
[2026-03-12T16:20:41.151Z] [error] Realtime subscription error
[2026-03-12T16:20:41.151Z] [error] Realtime subscription error
[2026-03-12T16:20:51.198Z] [error] Realtime subscription error
[2026-03-12T16:20:51.198Z] [error] Realtime subscription error
[2026-03-12T16:21:01.315Z] [error] Realtime subscription error
[2026-03-12T16:21:01.315Z] [error] Realtime subscription error
[2026-03-12T16:21:11.448Z] [error] Realtime subscription error
[2026-03-12T16:21:11.448Z] [error] Realtime subscription error
[2026-03-12T16:21:21.566Z] [error] Realtime subscription error
[2026-03-12T16:21:21.566Z] [error] Realtime subscription error
[2026-03-12T16:21:31.602Z] [error] Realtime subscription error
[2026-03-12T16:21:31.602Z] [error] Realtime subscription error
[2026-03-12T16:21:41.710Z] [error] Realtime subscription error
[2026-03-12T16:21:41.710Z] [error] Realtime subscription error
[2026-03-12T16:21:51.759Z] [error] Realtime subscription error
[2026-03-12T16:21:51.759Z] [error] Realtime subscription error
[2026-03-12T16:22:01.866Z] [error] Realtime subscription error
[2026-03-12T16:22:01.866Z] [error] Realtime subscription error
[2026-03-12T16:22:11.920Z] [error] Realtime subscription error
[2026-03-12T16:22:11.920Z] [error] Realtime subscription error
[2026-03-12T16:22:21.967Z] [error] Realtime subscription error
[2026-03-12T16:22:21.967Z] [error] Realtime subscription error
[2026-03-12T16:22:32.072Z] [error] Realtime subscription error
[2026-03-12T16:22:32.072Z] [error] Realtime subscription error
[2026-03-12T16:22:42.132Z] [error] Realtime subscription error
[2026-03-12T16:22:42.132Z] [error] Realtime subscription error
[2026-03-12T16:22:52.250Z] [error] Realtime subscription error
[2026-03-12T16:22:52.250Z] [error] Realtime subscription error
[2026-03-12T16:23:02.316Z] [error] Realtime subscription error
[2026-03-12T16:23:02.316Z] [error] Realtime subscription error
[2026-03-12T16:23:12.385Z] [error] Realtime subscription error
[2026-03-12T16:23:12.385Z] [error] Realtime subscription error
[2026-03-12T16:23:22.481Z] [error] Realtime subscription error
[2026-03-12T16:23:22.481Z] [error] Realtime subscription error
[2026-03-12T16:23:32.612Z] [error] Realtime subscription error
[2026-03-12T16:23:32.612Z] [error] Realtime subscription error
[2026-03-12T16:23:42.719Z] [error] Realtime subscription error
[2026-03-12T16:23:42.719Z] [error] Realtime subscription error
[2026-03-12T16:23:52.842Z] [error] Realtime subscription error
[2026-03-12T16:23:52.842Z] [error] Realtime subscription error
[2026-03-12T16:24:02.963Z] [error] Realtime subscription error
[2026-03-12T16:24:02.963Z] [error] Realtime subscription error
[2026-03-12T16:24:13.098Z] [error] Realtime subscription error
[2026-03-12T16:24:13.098Z] [error] Realtime subscription error
[2026-03-12T16:24:23.235Z] [error] Realtime subscription error
[2026-03-12T16:24:23.235Z] [error] Realtime subscription error
[2026-03-12T16:24:33.303Z] [error] Realtime subscription error
[2026-03-12T16:24:33.303Z] [error] Realtime subscription error
[2026-03-12T16:24:43.428Z] [error] Realtime subscription error
[2026-03-12T16:24:43.428Z] [error] Realtime subscription error
[2026-03-12T16:24:53.594Z] [error] Realtime subscription error
[2026-03-12T16:24:53.594Z] [error] Realtime subscription error
[2026-03-12T16:25:03.683Z] [error] Realtime subscription error
[2026-03-12T16:25:03.683Z] [error] Realtime subscription error
[2026-03-12T16:25:13.763Z] [error] Realtime subscription error
[2026-03-12T16:25:13.763Z] [error] Realtime subscription error
[2026-03-12T16:25:23.850Z] [error] Realtime subscription error
[2026-03-12T16:25:23.850Z] [error] Realtime subscription error
[2026-03-12T16:25:33.967Z] [error] Realtime subscription error
[2026-03-12T16:25:33.967Z] [error] Realtime subscription error
[2026-03-12T16:25:44.055Z] [error] Realtime subscription error
[2026-03-12T16:25:44.055Z] [error] Realtime subscription error
[2026-03-12T16:25:54.179Z] [error] Realtime subscription error
[2026-03-12T16:25:54.179Z] [error] Realtime subscription error
[2026-03-12T16:26:04.744Z] [error] Realtime subscription error
[2026-03-12T16:26:04.745Z] [error] Realtime subscription error
[2026-03-12T16:26:15.039Z] [error] Realtime subscription error
[2026-03-12T16:26:15.039Z] [error] Realtime subscription error
[2026-03-12T16:26:25.429Z] [error] Realtime subscription error
[2026-03-12T16:26:25.429Z] [error] Realtime subscription error
[2026-03-12T16:26:35.796Z] [error] Realtime subscription error
[2026-03-12T16:26:35.796Z] [error] Realtime subscription error
[2026-03-12T16:26:46.203Z] [error] Realtime subscription error
[2026-03-12T16:26:46.203Z] [error] Realtime subscription error
[2026-03-12T16:26:56.658Z] [error] Realtime subscription error
[2026-03-12T16:26:56.658Z] [error] Realtime subscription error
[2026-03-12T16:27:07.174Z] [error] Realtime subscription error
[2026-03-12T16:27:07.174Z] [error] Realtime subscription error
[2026-03-12T16:27:17.531Z] [error] Realtime subscription error
[2026-03-12T16:27:17.531Z] [error] Realtime subscription error
[2026-03-12T16:27:27.934Z] [error] Realtime subscription error
[2026-03-12T16:27:27.934Z] [error] Realtime subscription error
[2026-03-12T16:27:38.161Z] [error] Realtime subscription error
[2026-03-12T16:27:38.161Z] [error] Realtime subscription error
[2026-03-12T16:27:48.763Z] [error] Realtime subscription error
[2026-03-12T16:27:48.763Z] [error] Realtime subscription error
[2026-03-12T16:27:59.099Z] [error] Realtime subscription error
[2026-03-12T16:27:59.099Z] [error] Realtime subscription error
[2026-03-12T16:28:09.608Z] [error] Realtime subscription error
[2026-03-12T16:28:09.608Z] [error] Realtime subscription error
[2026-03-12T16:28:20.033Z] [error] Realtime subscription error
[2026-03-12T16:28:20.033Z] [error] Realtime subscription error
[2026-03-12T16:28:30.390Z] [error] Realtime subscription error
[2026-03-12T16:28:30.390Z] [error] Realtime subscription error
[2026-03-12T16:28:40.899Z] [error] Realtime subscription error
[2026-03-12T16:28:40.899Z] [error] Realtime subscription error
[2026-03-12T16:28:51.238Z] [error] Realtime subscription error
[2026-03-12T16:28:51.238Z] [error] Realtime subscription error
[2026-03-12T16:29:01.629Z] [error] Realtime subscription error
[2026-03-12T16:29:01.629Z] [error] Realtime subscription error
[2026-03-12T16:29:12.152Z] [error] Realtime subscription error
[2026-03-12T16:29:12.152Z] [error] Realtime subscription error
[2026-03-12T16:29:22.514Z] [error] Realtime subscription error
[2026-03-12T16:29:22.514Z] [error] Realtime subscription error
[2026-03-12T16:29:32.870Z] [error] Realtime subscription error
[2026-03-12T16:29:32.870Z] [error] Realtime subscription error
[2026-03-12T16:29:43.341Z] [error] Realtime subscription error
[2026-03-12T16:29:43.341Z] [error] Realtime subscription error
[2026-03-12T16:29:53.725Z] [error] Realtime subscription error
[2026-03-12T16:29:53.725Z] [error] Realtime subscription error
[2026-03-12T16:30:03.972Z] [error] Realtime subscription error
[2026-03-12T16:30:03.972Z] [error] Realtime subscription error
[2026-03-12T16:30:14.460Z] [error] Realtime subscription error
[2026-03-12T16:30:14.460Z] [error] Realtime subscription error
[2026-03-12T16:30:24.898Z] [error] Realtime subscription error
[2026-03-12T16:30:24.898Z] [error] Realtime subscription error
[2026-03-12T16:30:35.316Z] [error] Realtime subscription error
[2026-03-12T16:30:35.316Z] [error] Realtime subscription error
[2026-03-12T16:30:45.729Z] [error] Realtime subscription error
[2026-03-12T16:30:45.729Z] [error] Realtime subscription error
[2026-03-12T16:30:56.124Z] [error] Realtime subscription error
[2026-03-12T16:30:56.124Z] [error] Realtime subscription error
[2026-03-12T16:31:06.587Z] [error] Realtime subscription error
[2026-03-12T16:31:06.587Z] [error] Realtime subscription error
[2026-03-12T16:31:17.028Z] [error] Realtime subscription error
[2026-03-12T16:31:17.028Z] [error] Realtime subscription error
[2026-03-12T16:31:27.377Z] [error] Realtime subscription error
[2026-03-12T16:31:27.377Z] [error] Realtime subscription error
[2026-03-12T16:31:37.884Z] [error] Realtime subscription error
[2026-03-12T16:31:37.884Z] [error] Realtime subscription error
[2026-03-12T16:31:48.332Z] [error] Realtime subscription error
[2026-03-12T16:31:48.332Z] [error] Realtime subscription error
[2026-03-12T16:31:58.706Z] [error] Realtime subscription error
[2026-03-12T16:31:58.706Z] [error] Realtime subscription error
[2026-03-12T16:32:09.151Z] [error] Realtime subscription error
[2026-03-12T16:32:09.151Z] [error] Realtime subscription error
[2026-03-12T16:32:19.630Z] [error] Realtime subscription error
[2026-03-12T16:32:19.630Z] [error] Realtime subscription error
[2026-03-12T16:32:30.083Z] [error] Realtime subscription error
[2026-03-12T16:32:30.083Z] [error] Realtime subscription error
[2026-03-12T16:32:40.617Z] [error] Realtime subscription error
[2026-03-12T16:32:40.617Z] [error] Realtime subscription error
[2026-03-12T16:32:50.926Z] [error] Realtime subscription error
[2026-03-12T16:32:50.926Z] [error] Realtime subscription error
[2026-03-12T16:33:01.371Z] [error] Realtime subscription error
[2026-03-12T16:33:01.371Z] [error] Realtime subscription error
[2026-03-12T16:33:11.906Z] [error] Realtime subscription error
[2026-03-12T16:33:11.906Z] [error] Realtime subscription error
[2026-03-12T16:33:22.201Z] [error] Realtime subscription error
[2026-03-12T16:33:22.201Z] [error] Realtime subscription error
[2026-03-12T16:33:32.691Z] [error] Realtime subscription error
[2026-03-12T16:33:32.691Z] [error] Realtime subscription error
[2026-03-12T16:33:43.146Z] [error] Realtime subscription error
[2026-03-12T16:33:43.146Z] [error] Realtime subscription error
[2026-03-12T16:33:53.525Z] [error] Realtime subscription error
[2026-03-12T16:33:53.525Z] [error] Realtime subscription error
[2026-03-12T17:00:05.449Z] [error] Realtime subscription error
[2026-03-12T17:00:05.449Z] [error] Realtime subscription error
[2026-03-12T17:00:07.614Z] [error] Realtime subscription error
[2026-03-12T17:00:07.614Z] [error] Realtime subscription error
[2026-03-12T17:00:17.721Z] [error] Realtime subscription error
[2026-03-12T17:00:17.721Z] [error] Realtime subscription error
[2026-03-12T17:00:55.112Z] [error] Realtime subscription error
[2026-03-12T22:57:30.449Z] [error] Realtime subscription error
[2026-03-12T23:01:08.394Z] [error] Realtime subscription error
[2026-03-12T23:06:05.471Z] [error] Realtime subscription error
[2026-03-12T23:06:32.070Z] [error] Trailers realtime subscription error
[2026-03-12T23:50:33.765Z] [error] Pickup trucks realtime subscription error
[2026-03-12T23:50:33.765Z] [error] Pickup trucks realtime subscription error
[2026-03-13T00:55:18.774Z] [error] lazy: Expected the result of a dynamic import() call. Instead received: %s

Your code should look like: 
  const MyComponent = lazy(() => import('./MyComponent')) {}
[2026-03-13T00:55:18.774Z] [error] lazy: Expected the result of a dynamic import() call. Instead received: %s

Your code should look like: 
  const MyComponent = lazy(() => import('./MyComponent')) {}
[2026-03-13T00:55:18.774Z] [error] lazy: Expected the result of a dynamic import() call. Instead received: %s

Your code should look like: 
  const MyComponent = lazy(() => import('./MyComponent')) {}
[2026-03-13T00:55:18.774Z] [error] lazy: Expected the result of a dynamic import() call. Instead received: %s

Your code should look like: 
  const MyComponent = lazy(() => import('./MyComponent')) {}
[2026-03-13T00:55:18.774Z] [uncaught] Error: Element type is invalid. Received a promise that resolves to: undefined. Lazy element type must resolve to a class or function. at http://localhost:3000/static/js/bundle.js:25138:22
[2026-03-13T00:55:18.774Z] [warn] %s

%s
 An error occurred in one of your React components. Consider adding an error boundary to your tree to customize error handling behavior.
Visit https://react.dev/link/error-boundaries to learn more about error boundaries.
[2026-03-13T00:57:31.918Z] [error] The final argument passed to %s changed size between renders. The order and size of this array must remain constant.

Previous: %s
Incoming: %s useEffect [, [object Object],[object Object],[object Object],[object Object],[object Object],[object Object],[object Object],[object Object],[object Object],[object Object],[object Object],[object Object],[object Object],[object Object],[object Object],[object Object],[object Object],[object Object],[object Object],[object Object],[object Object],[object Object],[object Object],[object Object],[object Object],[object Object],[object Object],[object Object],[object Object],[object Object],[object Object],[object Object],[object Object],[object Object],[object Object],[object Object],[object Object],[object Object],[object Object],[object Object],[object Object],[object Object],[object Object],[object Object],[object Object],[object Object],[object Object],[object Object],[object Object],[object Object],[object Object],[object Object],[object Object],[object Object],[object Object],[object Object],[object Object],[object Object],[object Object],[object Object],[object Object],[object Object],[object Object],[object Object],[object Object],[object Object],[object Object],[object Object],[object Object],[object Object],[object Object],[object Object],[object Object],[object Object],[object Object],[object Object],[object Object],[object Object],[object Object],[object Object],[object Object],[object Object],[object Object],[object Object],[object Object],[object Object],[object Object],[object Object],[object Object],[object Object],[object Object],[object Object],[object Object],[object Object],[object Object],[object Object],[object Object],[object Object],[object Object],[object Object],[object Object],[object Object],[object Object],[object Object],[object Object],[object Object],[object Object],[object Object],[object Object],[object Object],[object Object],[object Object],[object Object],[object Object],[object Object],[object Object],[object Object],[object Object],[object Object],[object Object],[object Object],[object Object],[object Object],[object Object],[object Object],[object Object],[object Object],[object Object],[object Object],[object Object],[object Object],[object Object],[object Object],[object Object],[object Object],[object Object],[object Object],[object Object],[object Object],[object Object],[object Object],[object Object],[object Object],[object Object],[object Object],[object Object],[object Object],[object Object],[object Object],[object Object],[object Object],[object Object],[object Object],[object Object],[object Object],[object Object],[object Object],[object Object],[object Object],[object Object],[object Object],[object Object],[object Object],[object Object],[object Object], [object Set], true, query => _services_MixerService__WEBPACK_IMPORTED_MODULE_0__.MixerService.searchMixersByVinProcessed(query)] [, [object Object],[object Object],[object Object],[object Object],[object Object],[object Object],[object Object],[object Object],[object Object],[object Object],[object Object],[object Object],[object Object],[object Object],[object Object],[object Object],[object Object],[object Object],[object Object],[object Object],[object Object],[object Object],[object Object],[object Object],[object Object],[object Object],[object Object],[object Object],[object Object],[object Object],[object Object],[object Object],[object Object],[object Object],[object Object],[object Object],[object Object],[object Object],[object Object],[object Object],[object Object],[object Object],[object Object],[object Object],[object Object],[object Object],[object Object],[object Object],[object Object],[object Object],[object Object],[object Object],[object Object],[object Object],[object Object],[object Object],[object Object],[object Object],[object Object],[object Object],[object Object],[object Object],[object Object],[object Object],[object Object],[object Object],[object Object
[2026-03-13T01:18:35.316Z] [error] Tractor realtime subscription error
